<?xml version="1.0" encoding="UTF-8"?>
<testng-results ignored="0" total="1" passed="1" failed="0" skipped="0">
  <reporter-output>
  </reporter-output>
  <suite started-at="2022-07-03T17:43:46 EDT" name="Suite" finished-at="2022-07-03T17:43:49 EDT" duration-ms="2455">
    <groups>
    </groups>
    <test started-at="2022-07-03T17:43:46 EDT" name="Test" finished-at="2022-07-03T17:43:49 EDT" duration-ms="2455">
      <class name="parameters.ParametersTestNG">
        <test-method signature="login()[pri:0, instance:parameters.ParametersTestNG@30ee2816]" started-at="2022-07-03T17:43:46 EDT" name="login" finished-at="2022-07-03T17:43:49 EDT" duration-ms="2406" status="PASS">
          <reporter-output>
          </reporter-output>
        </test-method> <!-- login -->
      </class> <!-- parameters.ParametersTestNG -->
    </test> <!-- Test -->
  </suite> <!-- Suite -->
</testng-results>
